<?xml version="1.0" encoding="UTF-8"?>
<!-- Generated by org.testng.reporters.JUnitXMLReporter -->
<testsuite ignored="0" hostname="LAPTOP-H7R7DK85" failures="0" tests="5" name="Default test" time="0.136" errors="0" timestamp="2022-11-09T20:54:16 IST">
  <testcase classname="testNG.SamePriorityObservation" name="FourthTest" time="0.014"/>
  <testcase classname="testNG.SamePriorityObservation" name="fifthTest" time="0.001"/>
  <testcase classname="testNG.SamePriorityObservation" name="firstTest" time="0.004"/>
  <testcase classname="testNG.SamePriorityObservation" name="secondTest" time="0.004"/>
  <testcase classname="testNG.SamePriorityObservation" name="thirdTest" time="0.002"/>
</testsuite> <!-- Default test -->
