<?xml version="1.0" encoding="UTF-8"?>
<!-- Generated by org.testng.reporters.JUnitXMLReporter -->
<testsuite ignored="0" hostname="LAPTOP-H7R7DK85" failures="0" tests="5" name="Test" time="0.111" errors="0" timestamp="2022-11-11T19:34:14 IST">
  <testcase classname="testNGBatchExecution.FirstTest" name="firstTest" time="0.012"/>
  <testcase classname="testNGBatchExecution.FourthTest" name="fourthTest" time="0.001"/>
  <testcase classname="testNGBatchExecution.SecondTest" name="secondTest" time="0.001"/>
  <testcase classname="testNGBatchExecution.FifthTest" name="fifthTest" time="0.006"/>
  <testcase classname="testNGBatchExecution.ThirdTest" name="thirdTest" time="0.002"/>
</testsuite> <!-- Test -->
