<?xml version="1.0" encoding="UTF-8"?>
<testng-results ignored="0" total="3" passed="3" failed="0" skipped="0">
  <reporter-output>
  </reporter-output>
  <suite started-at="2022-11-14T19:54:06 IST" name="Suite" finished-at="2022-11-14T19:54:46 IST" duration-ms="40028">
    <groups>
    </groups>
    <test started-at="2022-11-14T19:54:06 IST" name="Test1" finished-at="2022-11-14T19:54:17 IST" duration-ms="11862">
      <class name="crossBrowserParallelExecution.FirstTest">
        <test-method signature="demoTest(java.lang.String)[pri:0, instance:crossBrowserParallelExecution.FirstTest@49dc7102]" started-at="2022-11-14T19:54:06 IST" name="demoTest" finished-at="2022-11-14T19:54:17 IST" duration-ms="11752" status="PASS">
          <params>
            <param index="0">
              <value>
                <![CDATA[chrome]]>
              </value>
            </param>
          </params>
          <reporter-output>
          </reporter-output>
        </test-method> <!-- demoTest -->
      </class> <!-- crossBrowserParallelExecution.FirstTest -->
    </test> <!-- Test1 -->
    <test started-at="2022-11-14T19:54:06 IST" name="Test3" finished-at="2022-11-14T19:54:27 IST" duration-ms="21709">
      <class name="crossBrowserParallelExecution.FirstTest">
        <test-method signature="demoTest(java.lang.String)[pri:0, instance:crossBrowserParallelExecution.FirstTest@32b260fa]" started-at="2022-11-14T19:54:06 IST" name="demoTest" finished-at="2022-11-14T19:54:27 IST" duration-ms="21518" status="PASS">
          <params>
            <param index="0">
              <value>
                <![CDATA[edge]]>
              </value>
            </param>
          </params>
          <reporter-output>
          </reporter-output>
        </test-method> <!-- demoTest -->
      </class> <!-- crossBrowserParallelExecution.FirstTest -->
    </test> <!-- Test3 -->
    <test started-at="2022-11-14T19:54:06 IST" name="Test2" finished-at="2022-11-14T19:54:46 IST" duration-ms="40027">
      <class name="crossBrowserParallelExecution.FirstTest">
        <test-method signature="demoTest(java.lang.String)[pri:0, instance:crossBrowserParallelExecution.FirstTest@483f6d77]" started-at="2022-11-14T19:54:06 IST" name="demoTest" finished-at="2022-11-14T19:54:44 IST" duration-ms="38288" status="PASS">
          <params>
            <param index="0">
              <value>
                <![CDATA[firefox]]>
              </value>
            </param>
          </params>
          <reporter-output>
          </reporter-output>
        </test-method> <!-- demoTest -->
      </class> <!-- crossBrowserParallelExecution.FirstTest -->
    </test> <!-- Test2 -->
  </suite> <!-- Suite -->
</testng-results>
