<?xml version="1.0" encoding="UTF-8"?>
<!-- Generated by org.testng.reporters.JUnitReportReporter -->
<testsuite hostname="LAPTOP-H7R7DK85" failures="0" tests="1" name="assertions.SoftAssertPractice" time="9.058" errors="0" timestamp="2022-11-12T21:03:11 IST" skipped="0">
  <testcase classname="assertions.SoftAssertPractice" name="firstTest" time="9.058"/>
  <system-out>
    <![CDATA[Facebook – log in or sign up
https://www.facebook.com/]]>
  </system-out>
</testsuite> <!-- assertions.SoftAssertPractice -->
